[Bootstrap]
SetupTitle=Installieren
SetupText=Dateien werden kopiert. Bitte warten...
CabFile=GOSA.CAB
Spawn=Setup1.exe
Uninstal=st6unst.exe
TmpDir=msftqws.pdw
Cabs=1

[Bootstrap Files]
File1=@VB6STKIT.DLL,$(WinSysPathSysFile),,,7/14/00 11:00:00 PM,101888,6.0.84.50
File2=@COMCAT.DLL,$(WinSysPathSysFile),$(DLLSelfRegister),,5/31/98 12:00:00 AM,22288,4.71.1460.1
File3=@VB6DE.DLL,$(WinSysPath),,$(Shared),10/1/00 11:00:00 PM,125712,6.0.89.88
File4=@STDOLE2.TLB,$(WinSysPathSysFile),$(TLBRegister),,6/3/99 12:00:00 AM,17920,2.40.4275.1
File5=@ASYCFILT.DLL,$(WinSysPathSysFile),,,3/8/99 12:00:00 AM,147728,2.40.4275.1
File6=@OLEPRO32.DLL,$(WinSysPathSysFile),$(DLLSelfRegister),,3/8/99 12:00:00 AM,164112,5.0.4275.1
File7=@OLEAUT32.DLL,$(WinSysPathSysFile),$(DLLSelfRegister),,4/12/00 12:00:00 AM,598288,2.40.4275.1
File8=@msvbvm60.dll,$(WinSysPathSysFile),$(DLLSelfRegister),,8/20/00 11:00:00 PM,1388544,6.0.89.64

[IconGroups]
Group0=GOSA
PrivateGroup0=-1
Parent0=$(Programs)

[GOSA]
Icon1="GOSA.exe"
Title1=Global Operations Server Administrator
StartIn1=$(AppPath)
Icon2="features.txt"
Title2=GOSA Features
StartIn2=$(AppPath)
Icon3="gosa-help.pdf"
Title3=GOSA Help
StartIn3=$(AppPath)

[Setup]
Title=Global Operations Server Administrator
DefaultDir=$(ProgramFiles)\Global Operations Server Administrator
AppExe=GOSA.exe
AppToUninstall=GOSA.exe

[Setup1 Files]
File1=@gosa.ini,$(AppPath),,,11/11/02 9:13:22 PM,1730,0.0.0.0
File2=@map.lst,$(AppPath),,,10/19/02 12:03:04 PM,103,0.0.0.0
File3=@features.txt,$(AppPath),,,11/11/02 9:14:40 PM,5529,0.0.0.0
File4=@RCHTXDE.DLL,$(WinSysPath),,$(Shared),7/5/98 11:00:00 PM,36352,6.0.81.63
File5=@RICHED32.DLL,$(WinSysPathSysFile),,,5/7/98 12:00:00 AM,174352,4.0.993.4
File6=@RICHTX32.OCX,$(WinSysPath),$(DLLSelfRegister),$(Shared),5/21/00 11:00:00 PM,203976,6.0.88.4
File7=@FLXGDDE.DLL,$(WinSysPath),,$(Shared),7/5/98 11:00:00 PM,42496,6.0.81.63
File8=@MSFLXGRD.OCX,$(WinSysPath),$(DLLSelfRegister),$(Shared),5/21/00 11:00:00 PM,244416,6.0.84.18
File9=@MSCMCDE.DLL,$(WinSysPath),,$(Shared),7/5/98 11:00:00 PM,158208,6.0.81.63
File10=@MSCOMCTL.OCX,$(WinSysPath),$(DLLSelfRegister),$(Shared),5/21/00 11:00:00 PM,1066176,6.0.88.62
File11=@WINSKDE.DLL,$(WinSysPath),,$(Shared),7/5/98 11:00:00 PM,16896,6.0.81.63
File12=@MSWINSCK.OCX,$(WinSysPath),$(DLLSelfRegister),$(Shared),6/23/98 11:00:00 PM,108336,6.0.81.69
File13=@GOSA.exe,$(AppPath),,,11/11/02 9:13:52 PM,352256,1.20.0.2

; Die folgenden Zeilen können gelöscht werden, um zusätzlichen 
; Platz für die Anpassung dieser Datei auf einer vollen Installationsdiskette 
; zu schaffen.
; 
; XXXXXXXXXXXXXXXXXXXXXXXXXXXXXXXXXXXXXXXXXXXXXXXXXXXXXXXXXXXX
; XXXXXXXXXXXXXXXXXXXXXXXXXXXXXXXXXXXXXXXXXXXXXXXXXXXXXXXXXXXX
; XXXXXXXXXXXXXXXXXXXXXXXXXXXXXXXXXXXXXXXXXXXXXXXXXXXXXXXXXXXX
; XXXXXXXXXXXXXXXXXXXXXXXXXXXXXXXXXXXXXXXXXXXXXXXXXXXXXXXXXXXX
; XXXXXXXXXXXXXXXXXXXXXXXXXXXXXXXXXXXXXXXXXXXXXXXXXXXXXXXXXXXX
; XXXXXXXXXXXXXXXXXXXXXXXXXXXXXXXXXXXXXXXXXXXXXXXXXXXXXXXXXXXX
; XXXXXXXXXXXXXXXXXXXXXXXXXXXXXXXXXXXXXXXXXXXXXXXXXXXXXXXXXXXX
; XXXXXXXXXXXXXXXXXXXXXXXXXXXXXXXXXXXXXXXXXXXXXXXXXXXXXXXXXXXX
; XXXXXXXXXXXXXXXXXXXXXXXXXXXXXXXXXXXXXXXXXXXXXXXXXXXXXXXXXXXX
; XXXXXXXXXXXXXXXXXXXXXXXXXXXXXXXXXXXXXXXXXXXXXXXXXXXXXXXXXXXX
; XXXXXXXXXXXXXXXXXXXXXXXXXXXXXXXXXXXXXXXXXXXXXXXXXXXXXXXXXXXX
; XXXXXXXXXXXXXXXXXXXXXXXXXXXXXXXXXXXXXXXXXXXXXXXXXXXXXXXXXXXX
; XXXXXXXXXXXXXXXXXXXXXXXXXXXXXXXXXXXXXXXXXXXXXXXXXXXXXXXXXXXX
; XXXXXXXXXXXXXXXXXXXXXXXXXXXXXXXXXXXXXXXXXXXXXXXXXXXXXXXXXXXX
; XXXXXXXXXXXXXXXXXXXXXXXXXXXXXXXXXXXXXXXXXXXXXXXXXXXXXXXXXXXX
; XXXXXXXXXXXXXXXXXXXXXXXXXXXXXXXXXXXXXXXXXXXXXXXXXXXXXXXXXXXX
; XXXXXXXXXXXXXXXXXXXXXXXXXXXXXXXXXXXXXXXXXXXXXXXXXXXXXXXXXXXX
; XXXXXXXXXXXXXXXXXXXXXXXXXXXXXXXXXXXXXXXXXXXXXXXXXXXXXXXXXXXX
; XXXXXXXXXXXXXXXXXXXXXXXXXXXXXXXXXXXXXXXXXXXXXXXXXXXXXXXXXXXX
; XXXXXXXXXXXXXXXXXXXXXXXXXXXXXXXXXXXXXXXXXXXXXXXXXXXXXXXXXXXX
; XXXXXXXXXXXXXXXXXXXXXXXXXXXXXXXXXXXXXXXXXXXXXXXXXXXXXXXXXXXX
; XXXXXXXXXXXXXXXXXXXXXXXXXXXXXXXXXXXXXXXXXXXXXXXXXXXXXXXXXXXX
; XXXXXXXXXXXXXXXXXXXXXXXXXXXXXXXXXXXXXXXXXXXXXXXXXXXXXXXXXXXX
; XXXXXXXXXXXXXXXXXXXXXXXXXXXXXXXXXXXXXXXXXXXXXXXXXXXXXXXXXXXX
; XXXXXXXXXXXXXXXXXXXXXXXXXXXXXXXXXXXXXXXXXXXXXXXXXXXXXXXXXXXX
; XXXXXXXXXXXXXXXXXXXXXXXXXXXXXXXXXXXXXXXXXXXXXXXXXXXXXXXXXXXX
; XXXXXXXXXXXXXXXXXXXXXXXXXXXXXXXXXXXXXXXXXXXXXXXXXXXXXXXXXXXX
; XXXXXXXXXXXXXXXXXXXXXXXXXXXXXXXXXXXXXXXXXXXXXXXXXXXXXXXXXXXX
; XXXXXXXXXXXXXXXXXXXXXXXXXXXXXXXXXXXXXXXXXXXXXXXXXXXXXXXXXXXX
; XXXXXXXXXXXXXXXXXXXXXXXXXXXXXXXXXXXXXXXXXXXXXXXXXXXXXXXXXXXX
; XXXXXXXXXXXXXXXXXXXXXXXXXXXXXXXXXXXXXXXXXXXXXXXXXXXXXXXXXXXX
; XXXXXXXXXXXXXXXXXXXXXXXXXXXXXXXXXXXXXXXXXXXXXXXXXXXXXXXXXXXX
; XXXXXXXXXXXXXXXXXXXXXXXXXXXXXXXXXXXXXXXXXXXXXXXXXXXXXXXXXXXX
; XXXXXXXXXXXXXXXXXXXXXXXXXXXXXXXXXXXXXXXXXXXXXXXXXXXXXXXXXXXX
; XXXXXXXXXXXXXXXXXXXXXXXXXXXXXXXXXXXXXXXXXXXXXXXXXXXXXXXXXXXX
